The system is: Darwin - 20.5.0 - x86_64
Compiling the CXX compiler identification source file "CMakeCXXCompilerId.cpp" succeeded.
Compiler: /usr/bin/g++ 
Build flags: 
Id flags:  

The output was:
0


Compilation of the CXX compiler identification source "CMakeCXXCompilerId.cpp" produced "a.out"

The CXX compiler identification is GNU, found in "/Users/hhullen/PROJECTS/github/MLP/src/build-MLP-hhullen_kit-Debug/CMakeFiles/3.22.1/CompilerIdCXX/a.out"

Detecting CXX compiler ABI info compiled with the following output:
Change Dir: /Users/hhullen/PROJECTS/github/MLP/src/build-MLP-hhullen_kit-Debug/CMakeFiles/CMakeTmp

Run Build Command(s):/usr/bin/make -f Makefile cmTC_5e24f/fast && /Applications/Xcode.app/Contents/Developer/usr/bin/make  -f CMakeFiles/cmTC_5e24f.dir/build.make CMakeFiles/cmTC_5e24f.dir/build
Building CXX object CMakeFiles/cmTC_5e24f.dir/CMakeCXXCompilerABI.cpp.o
/usr/bin/g++   -isysroot /Applications/Xcode.app/Contents/Developer/Platforms/MacOSX.platform/Developer/SDKs/MacOSX12.1.sdk -mmacosx-version-min=11.4   -v -Wl,-v -o CMakeFiles/cmTC_5e24f.dir/CMakeCXXCompilerABI.cpp.o -c /usr/local/share/cmake/Modules/CMakeCXXCompilerABI.cpp
Using built-in specs.
COLLECT_GCC=/usr/bin/g++
Target: x86_64-apple-darwin20
Configured with: ../configure --prefix=/usr/local/Cellar/gcc@10/10.3.0 --libdir=/usr/local/Cellar/gcc@10/10.3.0/lib/gcc/10 --disable-nls --enable-checking=release --enable-languages=c,c++,objc,obj-c++,fortran --program-suffix=-10 --with-gmp=/usr/local/opt/gmp --with-mpfr=/usr/local/opt/mpfr --with-mpc=/usr/local/opt/libmpc --with-isl=/usr/local/opt/isl --with-pkgversion='Homebrew GCC 10.3.0' --with-bugurl=https://github.com/Homebrew/homebrew-core/issues --build=x86_64-apple-darwin20 --with-system-zlib --disable-multilib --with-native-system-header-dir=/usr/include --with-sysroot=/Library/Developer/CommandLineTools/SDKs/MacOSX.sdk
Thread model: posix
Supported LTO compression algorithms: zlib
gcc version 10.3.0 (Homebrew GCC 10.3.0) 
COLLECT_GCC_OPTIONS='-isysroot' '/Applications/Xcode.app/Contents/Developer/Platforms/MacOSX.platform/Developer/SDKs/MacOSX12.1.sdk' '-v' '-o' 'CMakeFiles/cmTC_5e24f.dir/CMakeCXXCompilerABI.cpp.o' '-c' '-mmacosx-version-min=11.4' '-asm_macosx_version_min=11.4' '-shared-libgcc' '-mtune=core2'
 /usr/local/Cellar/gcc@10/10.3.0/libexec/gcc/x86_64-apple-darwin20/10.3.0/cc1plus -quiet -v -D__DYNAMIC__ -isysroot /Applications/Xcode.app/Contents/Developer/Platforms/MacOSX.platform/Developer/SDKs/MacOSX12.1.sdk /usr/local/share/cmake/Modules/CMakeCXXCompilerABI.cpp -fPIC -quiet -dumpbase CMakeCXXCompilerABI.cpp -mmacosx-version-min=11.4 -mtune=core2 -auxbase-strip CMakeFiles/cmTC_5e24f.dir/CMakeCXXCompilerABI.cpp.o -version -o /var/folders/zz/zyxvpxvq6csfxvn_n000ccxh00337c/T//cc3aicIG.s
GNU C++14 (Homebrew GCC 10.3.0) version 10.3.0 (x86_64-apple-darwin20)
	compiled by GNU C version 10.3.0, GMP version 6.2.1, MPFR version 4.1.0, MPC version 1.2.1, isl version isl-0.24-GMP

GGC heuristics: --param ggc-min-expand=100 --param ggc-min-heapsize=131072
ignoring nonexistent directory "/Applications/Xcode.app/Contents/Developer/Platforms/MacOSX.platform/Developer/SDKs/MacOSX12.1.sdk/usr/local/include"
ignoring nonexistent directory "/usr/local/Cellar/gcc@10/10.3.0/lib/gcc/10/gcc/x86_64-apple-darwin20/10.3.0/../../../../../../x86_64-apple-darwin20/include"
ignoring nonexistent directory "/Applications/Xcode.app/Contents/Developer/Platforms/MacOSX.platform/Developer/SDKs/MacOSX12.1.sdk/Library/Frameworks"
#include "..." search starts here:
#include <...> search starts here:
 /usr/local/Cellar/gcc@10/10.3.0/lib/gcc/10/gcc/x86_64-apple-darwin20/10.3.0/../../../../../../include/c++/10.3.0
 /usr/local/Cellar/gcc@10/10.3.0/lib/gcc/10/gcc/x86_64-apple-darwin20/10.3.0/../../../../../../include/c++/10.3.0/x86_64-apple-darwin20
 /usr/local/Cellar/gcc@10/10.3.0/lib/gcc/10/gcc/x86_64-apple-darwin20/10.3.0/../../../../../../include/c++/10.3.0/backward
 /usr/local/Cellar/gcc@10/10.3.0/lib/gcc/10/gcc/x86_64-apple-darwin20/10.3.0/include
 /usr/local/Cellar/gcc@10/10.3.0/lib/gcc/10/gcc/x86_64-apple-darwin20/10.3.0/include-fixed
 /Applications/Xcode.app/Contents/Developer/Platforms/MacOSX.platform/Developer/SDKs/MacOSX12.1.sdk/usr/include
 /Applications/Xcode.app/Contents/Developer/Platforms/MacOSX.platform/Developer/SDKs/MacOSX12.1.sdk/System/Library/Frameworks
End of search list.
GNU C++14 (Homebrew GCC 10.3.0) version 10.3.0 (x86_64-apple-darwin20)
	compiled by GNU C version 10.3.0, GMP version 6.2.1, MPFR version 4.1.0, MPC version 1.2.1, isl version isl-0.24-GMP

GGC heuristics: --param ggc-min-expand=100 --param ggc-min-heapsize=131072
Compiler executable checksum: 1f9e8f9bda8b89720c4c60228278b484
COLLECT_GCC_OPTIONS='-isysroot' '/Applications/Xcode.app/Contents/Developer/Platforms/MacOSX.platform/Developer/SDKs/MacOSX12.1.sdk' '-v' '-o' 'CMakeFiles/cmTC_5e24f.dir/CMakeCXXCompilerABI.cpp.o' '-c' '-mmacosx-version-min=11.4'  '-shared-libgcc' '-mtune=core2'
 as -arch x86_64 -v -force_cpusubtype_ALL -mmacosx-version-min=11.4 -o CMakeFiles/cmTC_5e24f.dir/CMakeCXXCompilerABI.cpp.o /var/folders/zz/zyxvpxvq6csfxvn_n000ccxh00337c/T//cc3aicIG.s
Apple clang version 13.0.0 (clang-1300.0.29.30)
Target: x86_64-apple-darwin20.5.0
Thread model: posix
InstalledDir: /Applications/Xcode.app/Contents/Developer/Toolchains/XcodeDefault.xctoolchain/usr/bin
 "/Applications/Xcode.app/Contents/Developer/Toolchains/XcodeDefault.xctoolchain/usr/bin/clang" -cc1as -triple x86_64-apple-macosx11.4.0 -filetype obj -main-file-name cc3aicIG.s -target-cpu penryn -fdebug-compilation-dir /Users/hhullen/PROJECTS/github/MLP/src/build-MLP-hhullen_kit-Debug/CMakeFiles/CMakeTmp -dwarf-debug-producer "Apple clang version 13.0.0 (clang-1300.0.29.30)" -dwarf-version=4 -mrelocation-model pic --mrelax-relocations -mllvm -disable-aligned-alloc-awareness=1 -mllvm -enable-dse-memoryssa=0 -o CMakeFiles/cmTC_5e24f.dir/CMakeCXXCompilerABI.cpp.o /var/folders/zz/zyxvpxvq6csfxvn_n000ccxh00337c/T//cc3aicIG.s
COMPILER_PATH=/usr/local/Cellar/gcc@10/10.3.0/libexec/gcc/x86_64-apple-darwin20/10.3.0/:/usr/local/Cellar/gcc@10/10.3.0/libexec/gcc/x86_64-apple-darwin20/10.3.0/:/usr/local/Cellar/gcc@10/10.3.0/libexec/gcc/x86_64-apple-darwin20/:/usr/local/Cellar/gcc@10/10.3.0/lib/gcc/10/gcc/x86_64-apple-darwin20/10.3.0/:/usr/local/Cellar/gcc@10/10.3.0/lib/gcc/10/gcc/x86_64-apple-darwin20/
LIBRARY_PATH=/usr/local/Cellar/gcc@10/10.3.0/lib/gcc/10/gcc/x86_64-apple-darwin20/10.3.0/:/usr/local/Cellar/gcc@10/10.3.0/lib/gcc/10/gcc/x86_64-apple-darwin20/10.3.0/../../../
COLLECT_GCC_OPTIONS='-isysroot' '/Applications/Xcode.app/Contents/Developer/Platforms/MacOSX.platform/Developer/SDKs/MacOSX12.1.sdk' '-v' '-o' 'CMakeFiles/cmTC_5e24f.dir/CMakeCXXCompilerABI.cpp.o' '-c' '-mmacosx-version-min=11.4'  '-shared-libgcc' '-mtune=core2'
Linking CXX executable cmTC_5e24f
/usr/local/bin/cmake -E cmake_link_script CMakeFiles/cmTC_5e24f.dir/link.txt --verbose=1
/usr/bin/g++  -isysroot /Applications/Xcode.app/Contents/Developer/Platforms/MacOSX.platform/Developer/SDKs/MacOSX12.1.sdk -mmacosx-version-min=11.4 -Wl,-search_paths_first -Wl,-headerpad_max_install_names  -v -Wl,-v CMakeFiles/cmTC_5e24f.dir/CMakeCXXCompilerABI.cpp.o -o cmTC_5e24f 
Using built-in specs.
COLLECT_GCC=/usr/bin/g++
COLLECT_LTO_WRAPPER=/usr/local/Cellar/gcc@10/10.3.0/libexec/gcc/x86_64-apple-darwin20/10.3.0/lto-wrapper
Target: x86_64-apple-darwin20
Configured with: ../configure --prefix=/usr/local/Cellar/gcc@10/10.3.0 --libdir=/usr/local/Cellar/gcc@10/10.3.0/lib/gcc/10 --disable-nls --enable-checking=release --enable-languages=c,c++,objc,obj-c++,fortran --program-suffix=-10 --with-gmp=/usr/local/opt/gmp --with-mpfr=/usr/local/opt/mpfr --with-mpc=/usr/local/opt/libmpc --with-isl=/usr/local/opt/isl --with-pkgversion='Homebrew GCC 10.3.0' --with-bugurl=https://github.com/Homebrew/homebrew-core/issues --build=x86_64-apple-darwin20 --with-system-zlib --disable-multilib --with-native-system-header-dir=/usr/include --with-sysroot=/Library/Developer/CommandLineTools/SDKs/MacOSX.sdk
Thread model: posix
Supported LTO compression algorithms: zlib
gcc version 10.3.0 (Homebrew GCC 10.3.0) 
COMPILER_PATH=/usr/local/Cellar/gcc@10/10.3.0/libexec/gcc/x86_64-apple-darwin20/10.3.0/:/usr/local/Cellar/gcc@10/10.3.0/libexec/gcc/x86_64-apple-darwin20/10.3.0/:/usr/local/Cellar/gcc@10/10.3.0/libexec/gcc/x86_64-apple-darwin20/:/usr/local/Cellar/gcc@10/10.3.0/lib/gcc/10/gcc/x86_64-apple-darwin20/10.3.0/:/usr/local/Cellar/gcc@10/10.3.0/lib/gcc/10/gcc/x86_64-apple-darwin20/
LIBRARY_PATH=/usr/local/Cellar/gcc@10/10.3.0/lib/gcc/10/gcc/x86_64-apple-darwin20/10.3.0/:/usr/local/Cellar/gcc@10/10.3.0/lib/gcc/10/gcc/x86_64-apple-darwin20/10.3.0/../../../
COLLECT_GCC_OPTIONS='-isysroot' '/Applications/Xcode.app/Contents/Developer/Platforms/MacOSX.platform/Developer/SDKs/MacOSX12.1.sdk' '-v' '-o' 'cmTC_5e24f' '-mmacosx-version-min=11.4' '-asm_macosx_version_min=11.4' '-shared-libgcc' '-mtune=core2'
 /usr/local/Cellar/gcc@10/10.3.0/libexec/gcc/x86_64-apple-darwin20/10.3.0/collect2 -dynamic -arch x86_64 -macosx_version_min 11.4 -syslibroot /Applications/Xcode.app/Contents/Developer/Platforms/MacOSX.platform/Developer/SDKs/MacOSX12.1.sdk -weak_reference_mismatches non-weak -o cmTC_5e24f -L/usr/local/Cellar/gcc@10/10.3.0/lib/gcc/10/gcc/x86_64-apple-darwin20/10.3.0 -L/usr/local/Cellar/gcc@10/10.3.0/lib/gcc/10/gcc/x86_64-apple-darwin20/10.3.0/../../.. -search_paths_first -headerpad_max_install_names -v CMakeFiles/cmTC_5e24f.dir/CMakeCXXCompilerABI.cpp.o -lstdc++ -lSystem -lgcc_ext.10.5 -lgcc -lSystem -no_compact_unwind -v
collect2 version 10.3.0
/usr/bin/ld -dynamic -arch x86_64 -macosx_version_min 11.4 -syslibroot /Applications/Xcode.app/Contents/Developer/Platforms/MacOSX.platform/Developer/SDKs/MacOSX12.1.sdk -weak_reference_mismatches non-weak -o cmTC_5e24f -L/usr/local/Cellar/gcc@10/10.3.0/lib/gcc/10/gcc/x86_64-apple-darwin20/10.3.0 -L/usr/local/Cellar/gcc@10/10.3.0/lib/gcc/10/gcc/x86_64-apple-darwin20/10.3.0/../../.. -search_paths_first -headerpad_max_install_names -v CMakeFiles/cmTC_5e24f.dir/CMakeCXXCompilerABI.cpp.o -lstdc++ -lSystem -lgcc_ext.10.5 -lgcc -lSystem -no_compact_unwind -v
@(#)PROGRAM:ld  PROJECT:ld64-711
BUILD 21:57:11 Nov 17 2021
configured to support archs: armv6 armv7 armv7s arm64 arm64e arm64_32 i386 x86_64 x86_64h armv6m armv7k armv7m armv7em
@(#)PROGRAM:ld  PROJECT:ld64-711
BUILD 21:57:11 Nov 17 2021
configured to support archs: armv6 armv7 armv7s arm64 arm64e arm64_32 i386 x86_64 x86_64h armv6m armv7k armv7m armv7em
Library search paths:
	/usr/local/Cellar/gcc@10/10.3.0/lib/gcc/10/gcc/x86_64-apple-darwin20/10.3.0
	/usr/local/Cellar/gcc@10/10.3.0/lib/gcc/10
	/Applications/Xcode.app/Contents/Developer/Platforms/MacOSX.platform/Developer/SDKs/MacOSX12.1.sdk/usr/lib
Framework search paths:
	/Applications/Xcode.app/Contents/Developer/Platforms/MacOSX.platform/Developer/SDKs/MacOSX12.1.sdk/System/Library/Frameworks/



Parsed CXX implicit include dir info from above output: rv=done
  found start of include info
  found start of implicit include info
    add: [/usr/local/Cellar/gcc@10/10.3.0/lib/gcc/10/gcc/x86_64-apple-darwin20/10.3.0/../../../../../../include/c++/10.3.0]
    add: [/usr/local/Cellar/gcc@10/10.3.0/lib/gcc/10/gcc/x86_64-apple-darwin20/10.3.0/../../../../../../include/c++/10.3.0/x86_64-apple-darwin20]
    add: [/usr/local/Cellar/gcc@10/10.3.0/lib/gcc/10/gcc/x86_64-apple-darwin20/10.3.0/../../../../../../include/c++/10.3.0/backward]
    add: [/usr/local/Cellar/gcc@10/10.3.0/lib/gcc/10/gcc/x86_64-apple-darwin20/10.3.0/include]
    add: [/usr/local/Cellar/gcc@10/10.3.0/lib/gcc/10/gcc/x86_64-apple-darwin20/10.3.0/include-fixed]
    add: [/Applications/Xcode.app/Contents/Developer/Platforms/MacOSX.platform/Developer/SDKs/MacOSX12.1.sdk/usr/include]
    add: [/Applications/Xcode.app/Contents/Developer/Platforms/MacOSX.platform/Developer/SDKs/MacOSX12.1.sdk/System/Library/Frameworks]
  end of search list found
  collapse include dir [/usr/local/Cellar/gcc@10/10.3.0/lib/gcc/10/gcc/x86_64-apple-darwin20/10.3.0/../../../../../../include/c++/10.3.0] ==> [/usr/local/Cellar/gcc@10/10.3.0/include/c++/10.3.0]
  collapse include dir [/usr/local/Cellar/gcc@10/10.3.0/lib/gcc/10/gcc/x86_64-apple-darwin20/10.3.0/../../../../../../include/c++/10.3.0/x86_64-apple-darwin20] ==> [/usr/local/Cellar/gcc@10/10.3.0/include/c++/10.3.0/x86_64-apple-darwin20]
  collapse include dir [/usr/local/Cellar/gcc@10/10.3.0/lib/gcc/10/gcc/x86_64-apple-darwin20/10.3.0/../../../../../../include/c++/10.3.0/backward] ==> [/usr/local/Cellar/gcc@10/10.3.0/include/c++/10.3.0/backward]
  collapse include dir [/usr/local/Cellar/gcc@10/10.3.0/lib/gcc/10/gcc/x86_64-apple-darwin20/10.3.0/include] ==> [/usr/local/Cellar/gcc@10/10.3.0/lib/gcc/10/gcc/x86_64-apple-darwin20/10.3.0/include]
  collapse include dir [/usr/local/Cellar/gcc@10/10.3.0/lib/gcc/10/gcc/x86_64-apple-darwin20/10.3.0/include-fixed] ==> [/usr/local/Cellar/gcc@10/10.3.0/lib/gcc/10/gcc/x86_64-apple-darwin20/10.3.0/include-fixed]
  collapse include dir [/Applications/Xcode.app/Contents/Developer/Platforms/MacOSX.platform/Developer/SDKs/MacOSX12.1.sdk/usr/include] ==> [/Applications/Xcode.app/Contents/Developer/Platforms/MacOSX.platform/Developer/SDKs/MacOSX12.1.sdk/usr/include]
  collapse include dir [/Applications/Xcode.app/Contents/Developer/Platforms/MacOSX.platform/Developer/SDKs/MacOSX12.1.sdk/System/Library/Frameworks] ==> [/Applications/Xcode.app/Contents/Developer/Platforms/MacOSX.platform/Developer/SDKs/MacOSX12.1.sdk/System/Library/Frameworks]
  implicit include dirs: [/usr/local/Cellar/gcc@10/10.3.0/include/c++/10.3.0;/usr/local/Cellar/gcc@10/10.3.0/include/c++/10.3.0/x86_64-apple-darwin20;/usr/local/Cellar/gcc@10/10.3.0/include/c++/10.3.0/backward;/usr/local/Cellar/gcc@10/10.3.0/lib/gcc/10/gcc/x86_64-apple-darwin20/10.3.0/include;/usr/local/Cellar/gcc@10/10.3.0/lib/gcc/10/gcc/x86_64-apple-darwin20/10.3.0/include-fixed;/Applications/Xcode.app/Contents/Developer/Platforms/MacOSX.platform/Developer/SDKs/MacOSX12.1.sdk/usr/include;/Applications/Xcode.app/Contents/Developer/Platforms/MacOSX.platform/Developer/SDKs/MacOSX12.1.sdk/System/Library/Frameworks]


Parsed CXX implicit link information from above output:
  link line regex: [^( *|.*[/\])(ld|CMAKE_LINK_STARTFILE-NOTFOUND|([^/\]+-)?ld|collect2)[^/\]*( |$)]
  ignore line: [Change Dir: /Users/hhullen/PROJECTS/github/MLP/src/build-MLP-hhullen_kit-Debug/CMakeFiles/CMakeTmp]
  ignore line: []
  ignore line: [Run Build Command(s):/usr/bin/make -f Makefile cmTC_5e24f/fast && /Applications/Xcode.app/Contents/Developer/usr/bin/make  -f CMakeFiles/cmTC_5e24f.dir/build.make CMakeFiles/cmTC_5e24f.dir/build]
  ignore line: [Building CXX object CMakeFiles/cmTC_5e24f.dir/CMakeCXXCompilerABI.cpp.o]
  ignore line: [/usr/bin/g++   -isysroot /Applications/Xcode.app/Contents/Developer/Platforms/MacOSX.platform/Developer/SDKs/MacOSX12.1.sdk -mmacosx-version-min=11.4   -v -Wl -v -o CMakeFiles/cmTC_5e24f.dir/CMakeCXXCompilerABI.cpp.o -c /usr/local/share/cmake/Modules/CMakeCXXCompilerABI.cpp]
  ignore line: [Using built-in specs.]
  ignore line: [COLLECT_GCC=/usr/bin/g++]
  ignore line: [Target: x86_64-apple-darwin20]
  ignore line: [Configured with: ../configure --prefix=/usr/local/Cellar/gcc@10/10.3.0 --libdir=/usr/local/Cellar/gcc@10/10.3.0/lib/gcc/10 --disable-nls --enable-checking=release --enable-languages=c c++ objc obj-c++ fortran --program-suffix=-10 --with-gmp=/usr/local/opt/gmp --with-mpfr=/usr/local/opt/mpfr --with-mpc=/usr/local/opt/libmpc --with-isl=/usr/local/opt/isl --with-pkgversion='Homebrew GCC 10.3.0' --with-bugurl=https://github.com/Homebrew/homebrew-core/issues --build=x86_64-apple-darwin20 --with-system-zlib --disable-multilib --with-native-system-header-dir=/usr/include --with-sysroot=/Library/Developer/CommandLineTools/SDKs/MacOSX.sdk]
  ignore line: [Thread model: posix]
  ignore line: [Supported LTO compression algorithms: zlib]
  ignore line: [gcc version 10.3.0 (Homebrew GCC 10.3.0) ]
  ignore line: [COLLECT_GCC_OPTIONS='-isysroot' '/Applications/Xcode.app/Contents/Developer/Platforms/MacOSX.platform/Developer/SDKs/MacOSX12.1.sdk' '-v' '-o' 'CMakeFiles/cmTC_5e24f.dir/CMakeCXXCompilerABI.cpp.o' '-c' '-mmacosx-version-min=11.4' '-asm_macosx_version_min=11.4' '-shared-libgcc' '-mtune=core2']
  ignore line: [ /usr/local/Cellar/gcc@10/10.3.0/libexec/gcc/x86_64-apple-darwin20/10.3.0/cc1plus -quiet -v -D__DYNAMIC__ -isysroot /Applications/Xcode.app/Contents/Developer/Platforms/MacOSX.platform/Developer/SDKs/MacOSX12.1.sdk /usr/local/share/cmake/Modules/CMakeCXXCompilerABI.cpp -fPIC -quiet -dumpbase CMakeCXXCompilerABI.cpp -mmacosx-version-min=11.4 -mtune=core2 -auxbase-strip CMakeFiles/cmTC_5e24f.dir/CMakeCXXCompilerABI.cpp.o -version -o /var/folders/zz/zyxvpxvq6csfxvn_n000ccxh00337c/T//cc3aicIG.s]
  ignore line: [GNU C++14 (Homebrew GCC 10.3.0) version 10.3.0 (x86_64-apple-darwin20)]
  ignore line: [	compiled by GNU C version 10.3.0  GMP version 6.2.1  MPFR version 4.1.0  MPC version 1.2.1  isl version isl-0.24-GMP]
  ignore line: []
  ignore line: [GGC heuristics: --param ggc-min-expand=100 --param ggc-min-heapsize=131072]
  ignore line: [ignoring nonexistent directory "/Applications/Xcode.app/Contents/Developer/Platforms/MacOSX.platform/Developer/SDKs/MacOSX12.1.sdk/usr/local/include"]
  ignore line: [ignoring nonexistent directory "/usr/local/Cellar/gcc@10/10.3.0/lib/gcc/10/gcc/x86_64-apple-darwin20/10.3.0/../../../../../../x86_64-apple-darwin20/include"]
  ignore line: [ignoring nonexistent directory "/Applications/Xcode.app/Contents/Developer/Platforms/MacOSX.platform/Developer/SDKs/MacOSX12.1.sdk/Library/Frameworks"]
  ignore line: [#include "..." search starts here:]
  ignore line: [#include <...> search starts here:]
  ignore line: [ /usr/local/Cellar/gcc@10/10.3.0/lib/gcc/10/gcc/x86_64-apple-darwin20/10.3.0/../../../../../../include/c++/10.3.0]
  ignore line: [ /usr/local/Cellar/gcc@10/10.3.0/lib/gcc/10/gcc/x86_64-apple-darwin20/10.3.0/../../../../../../include/c++/10.3.0/x86_64-apple-darwin20]
  ignore line: [ /usr/local/Cellar/gcc@10/10.3.0/lib/gcc/10/gcc/x86_64-apple-darwin20/10.3.0/../../../../../../include/c++/10.3.0/backward]
  ignore line: [ /usr/local/Cellar/gcc@10/10.3.0/lib/gcc/10/gcc/x86_64-apple-darwin20/10.3.0/include]
  ignore line: [ /usr/local/Cellar/gcc@10/10.3.0/lib/gcc/10/gcc/x86_64-apple-darwin20/10.3.0/include-fixed]
  ignore line: [ /Applications/Xcode.app/Contents/Developer/Platforms/MacOSX.platform/Developer/SDKs/MacOSX12.1.sdk/usr/include]
  ignore line: [ /Applications/Xcode.app/Contents/Developer/Platforms/MacOSX.platform/Developer/SDKs/MacOSX12.1.sdk/System/Library/Frameworks]
  ignore line: [End of search list.]
  ignore line: [GNU C++14 (Homebrew GCC 10.3.0) version 10.3.0 (x86_64-apple-darwin20)]
  ignore line: [	compiled by GNU C version 10.3.0  GMP version 6.2.1  MPFR version 4.1.0  MPC version 1.2.1  isl version isl-0.24-GMP]
  ignore line: []
  ignore line: [GGC heuristics: --param ggc-min-expand=100 --param ggc-min-heapsize=131072]
  ignore line: [Compiler executable checksum: 1f9e8f9bda8b89720c4c60228278b484]
  ignore line: [COLLECT_GCC_OPTIONS='-isysroot' '/Applications/Xcode.app/Contents/Developer/Platforms/MacOSX.platform/Developer/SDKs/MacOSX12.1.sdk' '-v' '-o' 'CMakeFiles/cmTC_5e24f.dir/CMakeCXXCompilerABI.cpp.o' '-c' '-mmacosx-version-min=11.4'  '-shared-libgcc' '-mtune=core2']
  ignore line: [ as -arch x86_64 -v -force_cpusubtype_ALL -mmacosx-version-min=11.4 -o CMakeFiles/cmTC_5e24f.dir/CMakeCXXCompilerABI.cpp.o /var/folders/zz/zyxvpxvq6csfxvn_n000ccxh00337c/T//cc3aicIG.s]
  ignore line: [Apple clang version 13.0.0 (clang-1300.0.29.30)]
  ignore line: [Target: x86_64-apple-darwin20.5.0]
  ignore line: [Thread model: posix]
  ignore line: [InstalledDir: /Applications/Xcode.app/Contents/Developer/Toolchains/XcodeDefault.xctoolchain/usr/bin]
  ignore line: [ "/Applications/Xcode.app/Contents/Developer/Toolchains/XcodeDefault.xctoolchain/usr/bin/clang" -cc1as -triple x86_64-apple-macosx11.4.0 -filetype obj -main-file-name cc3aicIG.s -target-cpu penryn -fdebug-compilation-dir /Users/hhullen/PROJECTS/github/MLP/src/build-MLP-hhullen_kit-Debug/CMakeFiles/CMakeTmp -dwarf-debug-producer "Apple clang version 13.0.0 (clang-1300.0.29.30)" -dwarf-version=4 -mrelocation-model pic --mrelax-relocations -mllvm -disable-aligned-alloc-awareness=1 -mllvm -enable-dse-memoryssa=0 -o CMakeFiles/cmTC_5e24f.dir/CMakeCXXCompilerABI.cpp.o /var/folders/zz/zyxvpxvq6csfxvn_n000ccxh00337c/T//cc3aicIG.s]
  ignore line: [COMPILER_PATH=/usr/local/Cellar/gcc@10/10.3.0/libexec/gcc/x86_64-apple-darwin20/10.3.0/:/usr/local/Cellar/gcc@10/10.3.0/libexec/gcc/x86_64-apple-darwin20/10.3.0/:/usr/local/Cellar/gcc@10/10.3.0/libexec/gcc/x86_64-apple-darwin20/:/usr/local/Cellar/gcc@10/10.3.0/lib/gcc/10/gcc/x86_64-apple-darwin20/10.3.0/:/usr/local/Cellar/gcc@10/10.3.0/lib/gcc/10/gcc/x86_64-apple-darwin20/]
  ignore line: [LIBRARY_PATH=/usr/local/Cellar/gcc@10/10.3.0/lib/gcc/10/gcc/x86_64-apple-darwin20/10.3.0/:/usr/local/Cellar/gcc@10/10.3.0/lib/gcc/10/gcc/x86_64-apple-darwin20/10.3.0/../../../]
  ignore line: [COLLECT_GCC_OPTIONS='-isysroot' '/Applications/Xcode.app/Contents/Developer/Platforms/MacOSX.platform/Developer/SDKs/MacOSX12.1.sdk' '-v' '-o' 'CMakeFiles/cmTC_5e24f.dir/CMakeCXXCompilerABI.cpp.o' '-c' '-mmacosx-version-min=11.4'  '-shared-libgcc' '-mtune=core2']
  ignore line: [Linking CXX executable cmTC_5e24f]
  ignore line: [/usr/local/bin/cmake -E cmake_link_script CMakeFiles/cmTC_5e24f.dir/link.txt --verbose=1]
  ignore line: [/usr/bin/g++  -isysroot /Applications/Xcode.app/Contents/Developer/Platforms/MacOSX.platform/Developer/SDKs/MacOSX12.1.sdk -mmacosx-version-min=11.4 -Wl -search_paths_first -Wl -headerpad_max_install_names  -v -Wl -v CMakeFiles/cmTC_5e24f.dir/CMakeCXXCompilerABI.cpp.o -o cmTC_5e24f ]
  ignore line: [Using built-in specs.]
  ignore line: [COLLECT_GCC=/usr/bin/g++]
  ignore line: [COLLECT_LTO_WRAPPER=/usr/local/Cellar/gcc@10/10.3.0/libexec/gcc/x86_64-apple-darwin20/10.3.0/lto-wrapper]
  ignore line: [Target: x86_64-apple-darwin20]
  ignore line: [Configured with: ../configure --prefix=/usr/local/Cellar/gcc@10/10.3.0 --libdir=/usr/local/Cellar/gcc@10/10.3.0/lib/gcc/10 --disable-nls --enable-checking=release --enable-languages=c c++ objc obj-c++ fortran --program-suffix=-10 --with-gmp=/usr/local/opt/gmp --with-mpfr=/usr/local/opt/mpfr --with-mpc=/usr/local/opt/libmpc --with-isl=/usr/local/opt/isl --with-pkgversion='Homebrew GCC 10.3.0' --with-bugurl=https://github.com/Homebrew/homebrew-core/issues --build=x86_64-apple-darwin20 --with-system-zlib --disable-multilib --with-native-system-header-dir=/usr/include --with-sysroot=/Library/Developer/CommandLineTools/SDKs/MacOSX.sdk]
  ignore line: [Thread model: posix]
  ignore line: [Supported LTO compression algorithms: zlib]
  ignore line: [gcc version 10.3.0 (Homebrew GCC 10.3.0) ]
  ignore line: [COMPILER_PATH=/usr/local/Cellar/gcc@10/10.3.0/libexec/gcc/x86_64-apple-darwin20/10.3.0/:/usr/local/Cellar/gcc@10/10.3.0/libexec/gcc/x86_64-apple-darwin20/10.3.0/:/usr/local/Cellar/gcc@10/10.3.0/libexec/gcc/x86_64-apple-darwin20/:/usr/local/Cellar/gcc@10/10.3.0/lib/gcc/10/gcc/x86_64-apple-darwin20/10.3.0/:/usr/local/Cellar/gcc@10/10.3.0/lib/gcc/10/gcc/x86_64-apple-darwin20/]
  ignore line: [LIBRARY_PATH=/usr/local/Cellar/gcc@10/10.3.0/lib/gcc/10/gcc/x86_64-apple-darwin20/10.3.0/:/usr/local/Cellar/gcc@10/10.3.0/lib/gcc/10/gcc/x86_64-apple-darwin20/10.3.0/../../../]
  ignore line: [COLLECT_GCC_OPTIONS='-isysroot' '/Applications/Xcode.app/Contents/Developer/Platforms/MacOSX.platform/Developer/SDKs/MacOSX12.1.sdk' '-v' '-o' 'cmTC_5e24f' '-mmacosx-version-min=11.4' '-asm_macosx_version_min=11.4' '-shared-libgcc' '-mtune=core2']
  link line: [ /usr/local/Cellar/gcc@10/10.3.0/libexec/gcc/x86_64-apple-darwin20/10.3.0/collect2 -dynamic -arch x86_64 -macosx_version_min 11.4 -syslibroot /Applications/Xcode.app/Contents/Developer/Platforms/MacOSX.platform/Developer/SDKs/MacOSX12.1.sdk -weak_reference_mismatches non-weak -o cmTC_5e24f -L/usr/local/Cellar/gcc@10/10.3.0/lib/gcc/10/gcc/x86_64-apple-darwin20/10.3.0 -L/usr/local/Cellar/gcc@10/10.3.0/lib/gcc/10/gcc/x86_64-apple-darwin20/10.3.0/../../.. -search_paths_first -headerpad_max_install_names -v CMakeFiles/cmTC_5e24f.dir/CMakeCXXCompilerABI.cpp.o -lstdc++ -lSystem -lgcc_ext.10.5 -lgcc -lSystem -no_compact_unwind -v]
    arg [/usr/local/Cellar/gcc@10/10.3.0/libexec/gcc/x86_64-apple-darwin20/10.3.0/collect2] ==> ignore
    arg [-dynamic] ==> ignore
    arg [-arch] ==> ignore
    arg [x86_64] ==> ignore
    arg [-macosx_version_min] ==> ignore
    arg [11.4] ==> ignore
    arg [-syslibroot] ==> ignore
    arg [/Applications/Xcode.app/Contents/Developer/Platforms/MacOSX.platform/Developer/SDKs/MacOSX12.1.sdk] ==> ignore
    arg [-weak_reference_mismatches] ==> ignore
    arg [non-weak] ==> ignore
    arg [-o] ==> ignore
    arg [cmTC_5e24f] ==> ignore
    arg [-L/usr/local/Cellar/gcc@10/10.3.0/lib/gcc/10/gcc/x86_64-apple-darwin20/10.3.0] ==> dir [/usr/local/Cellar/gcc@10/10.3.0/lib/gcc/10/gcc/x86_64-apple-darwin20/10.3.0]
    arg [-L/usr/local/Cellar/gcc@10/10.3.0/lib/gcc/10/gcc/x86_64-apple-darwin20/10.3.0/../../..] ==> dir [/usr/local/Cellar/gcc@10/10.3.0/lib/gcc/10/gcc/x86_64-apple-darwin20/10.3.0/../../..]
    arg [-search_paths_first] ==> ignore
    arg [-headerpad_max_install_names] ==> ignore
    arg [-v] ==> ignore
    arg [CMakeFiles/cmTC_5e24f.dir/CMakeCXXCompilerABI.cpp.o] ==> ignore
    arg [-lstdc++] ==> lib [stdc++]
    arg [-lSystem] ==> lib [System]
    arg [-lgcc_ext.10.5] ==> lib [gcc_ext.10.5]
    arg [-lgcc] ==> lib [gcc]
    arg [-lSystem] ==> lib [System]
    arg [-no_compact_unwind] ==> ignore
    arg [-v] ==> ignore
  Library search paths: [;/usr/local/Cellar/gcc@10/10.3.0/lib/gcc/10/gcc/x86_64-apple-darwin20/10.3.0;/usr/local/Cellar/gcc@10/10.3.0/lib/gcc/10;/Applications/Xcode.app/Contents/Developer/Platforms/MacOSX.platform/Developer/SDKs/MacOSX12.1.sdk/usr/lib]
  Framework search paths: [;/Applications/Xcode.app/Contents/Developer/Platforms/MacOSX.platform/Developer/SDKs/MacOSX12.1.sdk/System/Library/Frameworks/]
  remove lib [System]
  remove lib [System]
  collapse library dir [/usr/local/Cellar/gcc@10/10.3.0/lib/gcc/10/gcc/x86_64-apple-darwin20/10.3.0] ==> [/usr/local/Cellar/gcc@10/10.3.0/lib/gcc/10/gcc/x86_64-apple-darwin20/10.3.0]
  collapse library dir [/usr/local/Cellar/gcc@10/10.3.0/lib/gcc/10/gcc/x86_64-apple-darwin20/10.3.0/../../..] ==> [/usr/local/Cellar/gcc@10/10.3.0/lib/gcc/10]
  collapse library dir [/usr/local/Cellar/gcc@10/10.3.0/lib/gcc/10/gcc/x86_64-apple-darwin20/10.3.0] ==> [/usr/local/Cellar/gcc@10/10.3.0/lib/gcc/10/gcc/x86_64-apple-darwin20/10.3.0]
  collapse library dir [/usr/local/Cellar/gcc@10/10.3.0/lib/gcc/10] ==> [/usr/local/Cellar/gcc@10/10.3.0/lib/gcc/10]
  collapse library dir [/Applications/Xcode.app/Contents/Developer/Platforms/MacOSX.platform/Developer/SDKs/MacOSX12.1.sdk/usr/lib] ==> [/Applications/Xcode.app/Contents/Developer/Platforms/MacOSX.platform/Developer/SDKs/MacOSX12.1.sdk/usr/lib]
  collapse framework dir [/Applications/Xcode.app/Contents/Developer/Platforms/MacOSX.platform/Developer/SDKs/MacOSX12.1.sdk/System/Library/Frameworks/] ==> [/Applications/Xcode.app/Contents/Developer/Platforms/MacOSX.platform/Developer/SDKs/MacOSX12.1.sdk/System/Library/Frameworks]
  implicit libs: [stdc++;gcc_ext.10.5;gcc]
  implicit objs: []
  implicit dirs: [/usr/local/Cellar/gcc@10/10.3.0/lib/gcc/10/gcc/x86_64-apple-darwin20/10.3.0;/usr/local/Cellar/gcc@10/10.3.0/lib/gcc/10;/Applications/Xcode.app/Contents/Developer/Platforms/MacOSX.platform/Developer/SDKs/MacOSX12.1.sdk/usr/lib]
  implicit fwks: [/Applications/Xcode.app/Contents/Developer/Platforms/MacOSX.platform/Developer/SDKs/MacOSX12.1.sdk/System/Library/Frameworks]


Determining if the include file pthread.h exists passed with the following output:
Change Dir: /Users/hhullen/PROJECTS/github/MLP/src/build-MLP-hhullen_kit-Debug/CMakeFiles/CMakeTmp

Run Build Command(s):/usr/bin/make -f Makefile cmTC_553ec/fast && /Applications/Xcode.app/Contents/Developer/usr/bin/make  -f CMakeFiles/cmTC_553ec.dir/build.make CMakeFiles/cmTC_553ec.dir/build
Building CXX object CMakeFiles/cmTC_553ec.dir/CheckIncludeFile.cxx.o
/usr/bin/g++   -isysroot /Applications/Xcode.app/Contents/Developer/Platforms/MacOSX.platform/Developer/SDKs/MacOSX12.1.sdk -mmacosx-version-min=11.4 -std=gnu++17 -o CMakeFiles/cmTC_553ec.dir/CheckIncludeFile.cxx.o -c /Users/hhullen/PROJECTS/github/MLP/src/build-MLP-hhullen_kit-Debug/CMakeFiles/CMakeTmp/CheckIncludeFile.cxx
Linking CXX executable cmTC_553ec
/usr/local/bin/cmake -E cmake_link_script CMakeFiles/cmTC_553ec.dir/link.txt --verbose=1
/usr/bin/g++  -isysroot /Applications/Xcode.app/Contents/Developer/Platforms/MacOSX.platform/Developer/SDKs/MacOSX12.1.sdk -mmacosx-version-min=11.4 -Wl,-search_paths_first -Wl,-headerpad_max_install_names CMakeFiles/cmTC_553ec.dir/CheckIncludeFile.cxx.o -o cmTC_553ec 



Performing C++ SOURCE FILE Test CMAKE_HAVE_LIBC_PTHREAD succeeded with the following output:
Change Dir: /Users/hhullen/PROJECTS/github/MLP/src/build-MLP-hhullen_kit-Debug/CMakeFiles/CMakeTmp

Run Build Command(s):/usr/bin/make -f Makefile cmTC_2a80e/fast && /Applications/Xcode.app/Contents/Developer/usr/bin/make  -f CMakeFiles/cmTC_2a80e.dir/build.make CMakeFiles/cmTC_2a80e.dir/build
Building CXX object CMakeFiles/cmTC_2a80e.dir/src.cxx.o
/usr/bin/g++ -DCMAKE_HAVE_LIBC_PTHREAD  -isysroot /Applications/Xcode.app/Contents/Developer/Platforms/MacOSX.platform/Developer/SDKs/MacOSX12.1.sdk -mmacosx-version-min=11.4 -std=gnu++17 -o CMakeFiles/cmTC_2a80e.dir/src.cxx.o -c /Users/hhullen/PROJECTS/github/MLP/src/build-MLP-hhullen_kit-Debug/CMakeFiles/CMakeTmp/src.cxx
Linking CXX executable cmTC_2a80e
/usr/local/bin/cmake -E cmake_link_script CMakeFiles/cmTC_2a80e.dir/link.txt --verbose=1
/usr/bin/g++  -isysroot /Applications/Xcode.app/Contents/Developer/Platforms/MacOSX.platform/Developer/SDKs/MacOSX12.1.sdk -mmacosx-version-min=11.4 -Wl,-search_paths_first -Wl,-headerpad_max_install_names CMakeFiles/cmTC_2a80e.dir/src.cxx.o -o cmTC_2a80e 


Source file was:
#include <pthread.h>

static void* test_func(void* data)
{
  return data;
}

int main(void)
{
  pthread_t thread;
  pthread_create(&thread, NULL, test_func, NULL);
  pthread_detach(thread);
  pthread_cancel(thread);
  pthread_join(thread, NULL);
  pthread_atfork(NULL, NULL, NULL);
  pthread_exit(NULL);

  return 0;
}

Performing C++ SOURCE FILE Test HAVE_STDATOMIC succeeded with the following output:
Change Dir: /Users/hhullen/PROJECTS/github/MLP/src/build-MLP-hhullen_kit-Debug/CMakeFiles/CMakeTmp

Run Build Command(s):/usr/bin/make -f Makefile cmTC_8a783/fast && /Applications/Xcode.app/Contents/Developer/usr/bin/make  -f CMakeFiles/cmTC_8a783.dir/build.make CMakeFiles/cmTC_8a783.dir/build
Building CXX object CMakeFiles/cmTC_8a783.dir/src.cxx.o
/usr/bin/g++ -DHAVE_STDATOMIC  -isysroot /Applications/Xcode.app/Contents/Developer/Platforms/MacOSX.platform/Developer/SDKs/MacOSX12.1.sdk -mmacosx-version-min=11.4 -std=gnu++17 -o CMakeFiles/cmTC_8a783.dir/src.cxx.o -c /Users/hhullen/PROJECTS/github/MLP/src/build-MLP-hhullen_kit-Debug/CMakeFiles/CMakeTmp/src.cxx
Linking CXX executable cmTC_8a783
/usr/local/bin/cmake -E cmake_link_script CMakeFiles/cmTC_8a783.dir/link.txt --verbose=1
/usr/bin/g++  -isysroot /Applications/Xcode.app/Contents/Developer/Platforms/MacOSX.platform/Developer/SDKs/MacOSX12.1.sdk -mmacosx-version-min=11.4 -Wl,-search_paths_first -Wl,-headerpad_max_install_names CMakeFiles/cmTC_8a783.dir/src.cxx.o -o cmTC_8a783 


Source file was:
#include <atomic>
#include <cstdint>

void test(volatile std::atomic<std::int64_t> &a)
{
    std::int64_t v = a.load(std::memory_order_acquire);
    while (!a.compare_exchange_strong(v, v + 1,
                                      std::memory_order_acq_rel,
                                      std::memory_order_acquire)) {
        v = a.exchange(v - 1);
    }
    a.store(v + 1, std::memory_order_release);
}

int main(int, char **)
{
    void *ptr = (void*)0xffffffc0; // any random pointer
    test(*reinterpret_cast<std::atomic<std::int64_t> *>(ptr));
    return 0;
}
